
 /----------------------------------------------------------------------------\
 |                                                                            |
 |  yosys -- Yosys Open SYnthesis Suite                                       |
 |                                                                            |
 |  Copyright (C) 2012 - 2020  Claire Xenia Wolf <claire@yosyshq.com>         |
 |                                                                            |
 |  Permission to use, copy, modify, and/or distribute this software for any  |
 |  purpose with or without fee is hereby granted, provided that the above    |
 |  copyright notice and this permission notice appear in all copies.         |
 |                                                                            |
 |  THE SOFTWARE IS PROVIDED "AS IS" AND THE AUTHOR DISCLAIMS ALL WARRANTIES  |
 |  WITH REGARD TO THIS SOFTWARE INCLUDING ALL IMPLIED WARRANTIES OF          |
 |  MERCHANTABILITY AND FITNESS. IN NO EVENT SHALL THE AUTHOR BE LIABLE FOR   |
 |  ANY SPECIAL, DIRECT, INDIRECT, OR CONSEQUENTIAL DAMAGES OR ANY DAMAGES    |
 |  WHATSOEVER RESULTING FROM LOSS OF USE, DATA OR PROFITS, WHETHER IN AN     |
 |  ACTION OF CONTRACT, NEGLIGENCE OR OTHER TORTIOUS ACTION, ARISING OUT OF   |
 |  OR IN CONNECTION WITH THE USE OR PERFORMANCE OF THIS SOFTWARE.            |
 |                                                                            |
 \----------------------------------------------------------------------------/

 Yosys 0.33 (git sha1 2584903a060)


-- Executing script file `frontend/scripts/synth_frontend.ys' --

1. Executing Verilog-2005 frontend: rtl/alu.v
Parsing Verilog input from `rtl/alu.v' to AST representation.
Generating RTLIL representation for module `\alu'.
Successfully finished Verilog frontend.

2. Executing Verilog-2005 frontend: rtl/input_register.v
Parsing Verilog input from `rtl/input_register.v' to AST representation.
Generating RTLIL representation for module `\input_register'.
Successfully finished Verilog frontend.

3. Executing Verilog-2005 frontend: rtl/output_register.v
Parsing Verilog input from `rtl/output_register.v' to AST representation.
Generating RTLIL representation for module `\output_register'.
Successfully finished Verilog frontend.

4. Executing Verilog-2005 frontend: rtl/binary_calc_top.v
Parsing Verilog input from `rtl/binary_calc_top.v' to AST representation.
Generating RTLIL representation for module `\binary_calc_top'.
Successfully finished Verilog frontend.

5. Executing SYNTH pass.

5.1. Executing HIERARCHY pass (managing design hierarchy).

5.1.1. Analyzing design hierarchy..
Top module:  \binary_calc_top
Used module:     \output_register
Used module:     \alu
Used module:     \input_register

5.1.2. Analyzing design hierarchy..
Top module:  \binary_calc_top
Used module:     \output_register
Used module:     \alu
Used module:     \input_register
Removed 0 unused modules.

5.2. Executing PROC pass (convert processes to netlists).

5.2.1. Executing PROC_CLEAN pass (remove empty switches from decision trees).
Cleaned up 0 empty switches.

5.2.2. Executing PROC_RMDEAD pass (remove dead branches from decision trees).
Marked 1 switch rules as full_case in process $proc$rtl/output_register.v:20$24 in module output_register.
Marked 1 switch rules as full_case in process $proc$rtl/input_register.v:18$23 in module input_register.
Removed 1 dead cases from process $proc$rtl/alu.v:16$1 in module alu.
Marked 1 switch rules as full_case in process $proc$rtl/alu.v:16$1 in module alu.
Removed a total of 1 dead cases.

5.2.3. Executing PROC_PRUNE pass (remove redundant assignments in processes).
Removed 0 redundant assignments.
Promoted 7 assignments to connections.

5.2.4. Executing PROC_INIT pass (extract init attributes).

5.2.5. Executing PROC_ARST pass (detect async resets in processes).

5.2.6. Executing PROC_ROM pass (convert switches to ROMs).
Converted 0 switches.
<suppressed ~5 debug messages>

5.2.7. Executing PROC_MUX pass (convert decision trees to multiplexers).
Creating decoders for process `\binary_calc_top.$proc$rtl/binary_calc_top.v:28$26'.
Creating decoders for process `\output_register.$proc$rtl/output_register.v:20$24'.
     1/4: $0\overflow_out[0:0]
     2/4: $0\zero_out[0:0]
     3/4: $0\carry_out[0:0]
     4/4: $0\result_out[3:0]
Creating decoders for process `\input_register.$proc$rtl/input_register.v:18$23'.
     1/3: $0\op_out[1:0]
     2/3: $0\b_out[3:0]
     3/3: $0\a_out[3:0]
Creating decoders for process `\alu.$proc$rtl/alu.v:16$1'.
     1/4: $1\overflow[0:0]
     2/4: $1\carry[0:0]
     3/4: $1\result[3:0]
     4/4: $1\temp[4:0]

5.2.8. Executing PROC_DLATCH pass (convert process syncs to latches).
No latch inferred for signal `\alu.\result' from process `\alu.$proc$rtl/alu.v:16$1'.
No latch inferred for signal `\alu.\carry' from process `\alu.$proc$rtl/alu.v:16$1'.
No latch inferred for signal `\alu.\overflow' from process `\alu.$proc$rtl/alu.v:16$1'.
No latch inferred for signal `\alu.\temp' from process `\alu.$proc$rtl/alu.v:16$1'.

5.2.9. Executing PROC_DFF pass (convert process syncs to FFs).
Creating register for signal `\binary_calc_top.\btn_sync_0' using process `\binary_calc_top.$proc$rtl/binary_calc_top.v:28$26'.
  created $dff cell `$procdff$84' with positive edge clock.
Creating register for signal `\binary_calc_top.\btn_sync_1' using process `\binary_calc_top.$proc$rtl/binary_calc_top.v:28$26'.
  created $dff cell `$procdff$85' with positive edge clock.
Creating register for signal `\binary_calc_top.\btn_sync_2' using process `\binary_calc_top.$proc$rtl/binary_calc_top.v:28$26'.
  created $dff cell `$procdff$86' with positive edge clock.
Creating register for signal `\output_register.\result_out' using process `\output_register.$proc$rtl/output_register.v:20$24'.
  created $dff cell `$procdff$87' with positive edge clock.
Creating register for signal `\output_register.\carry_out' using process `\output_register.$proc$rtl/output_register.v:20$24'.
  created $dff cell `$procdff$88' with positive edge clock.
Creating register for signal `\output_register.\zero_out' using process `\output_register.$proc$rtl/output_register.v:20$24'.
  created $dff cell `$procdff$89' with positive edge clock.
Creating register for signal `\output_register.\overflow_out' using process `\output_register.$proc$rtl/output_register.v:20$24'.
  created $dff cell `$procdff$90' with positive edge clock.
Creating register for signal `\input_register.\a_out' using process `\input_register.$proc$rtl/input_register.v:18$23'.
  created $dff cell `$procdff$91' with positive edge clock.
Creating register for signal `\input_register.\b_out' using process `\input_register.$proc$rtl/input_register.v:18$23'.
  created $dff cell `$procdff$92' with positive edge clock.
Creating register for signal `\input_register.\op_out' using process `\input_register.$proc$rtl/input_register.v:18$23'.
  created $dff cell `$procdff$93' with positive edge clock.

5.2.10. Executing PROC_MEMWR pass (convert process memory writes to cells).

5.2.11. Executing PROC_CLEAN pass (remove empty switches from decision trees).
Removing empty process `binary_calc_top.$proc$rtl/binary_calc_top.v:28$26'.
Found and cleaned up 2 empty switches in `\output_register.$proc$rtl/output_register.v:20$24'.
Removing empty process `output_register.$proc$rtl/output_register.v:20$24'.
Found and cleaned up 2 empty switches in `\input_register.$proc$rtl/input_register.v:18$23'.
Removing empty process `input_register.$proc$rtl/input_register.v:18$23'.
Found and cleaned up 1 empty switch in `\alu.$proc$rtl/alu.v:16$1'.
Removing empty process `alu.$proc$rtl/alu.v:16$1'.
Cleaned up 5 empty switches.

5.2.12. Executing OPT_EXPR pass (perform const folding).
Optimizing module binary_calc_top.
Optimizing module output_register.
Optimizing module input_register.
Optimizing module alu.
<suppressed ~5 debug messages>

5.3. Executing OPT_EXPR pass (perform const folding).
Optimizing module binary_calc_top.
Optimizing module output_register.
Optimizing module input_register.
Optimizing module alu.

5.4. Executing OPT_CLEAN pass (remove unused cells and wires).
Finding unused cells or wires in module \binary_calc_top..
Finding unused cells or wires in module \output_register..
Finding unused cells or wires in module \input_register..
Finding unused cells or wires in module \alu..
Removed 5 unused cells and 44 unused wires.
<suppressed ~10 debug messages>

5.5. Executing CHECK pass (checking for obvious problems).
Checking module alu...
Checking module binary_calc_top...
Checking module input_register...
Checking module output_register...
Found and reported 0 problems.

5.6. Executing OPT pass (performing simple optimizations).

5.6.1. Executing OPT_EXPR pass (perform const folding).
Optimizing module alu.
Optimizing module binary_calc_top.
Optimizing module input_register.
Optimizing module output_register.

5.6.2. Executing OPT_MERGE pass (detect identical cells).
Finding identical cells in module `\alu'.
<suppressed ~30 debug messages>
Finding identical cells in module `\binary_calc_top'.
Finding identical cells in module `\input_register'.
Finding identical cells in module `\output_register'.
Removed a total of 10 cells.

5.6.3. Executing OPT_MUXTREE pass (detect dead branches in mux trees).
Running muxtree optimizer on module \alu..
  Creating internal representation of mux trees.
  Evaluating internal representation of mux trees.
  Analyzing evaluation results.
Running muxtree optimizer on module \binary_calc_top..
  Creating internal representation of mux trees.
  No muxes found in this module.
Running muxtree optimizer on module \input_register..
  Creating internal representation of mux trees.
  Evaluating internal representation of mux trees.
  Analyzing evaluation results.
Running muxtree optimizer on module \output_register..
  Creating internal representation of mux trees.
  Evaluating internal representation of mux trees.
  Analyzing evaluation results.
Removed 0 multiplexer ports.
<suppressed ~10 debug messages>

5.6.4. Executing OPT_REDUCE pass (consolidate $*mux and $reduce_* inputs).
  Optimizing cells in module \alu.
    New ctrl vector for $pmux cell $procmux$64: { $procmux$68_CMP $procmux$67_CMP $auto$opt_reduce.cc:134:opt_pmux$95 }
    New ctrl vector for $pmux cell $procmux$69: { $procmux$68_CMP $procmux$67_CMP $auto$opt_reduce.cc:134:opt_pmux$97 }
  Optimizing cells in module \alu.
  Optimizing cells in module \binary_calc_top.
  Optimizing cells in module \input_register.
  Optimizing cells in module \output_register.
Performed a total of 2 changes.

5.6.5. Executing OPT_MERGE pass (detect identical cells).
Finding identical cells in module `\alu'.
<suppressed ~3 debug messages>
Finding identical cells in module `\binary_calc_top'.
Finding identical cells in module `\input_register'.
Finding identical cells in module `\output_register'.
Removed a total of 1 cells.

5.6.6. Executing OPT_DFF pass (perform DFF optimizations).

5.6.7. Executing OPT_CLEAN pass (remove unused cells and wires).
Finding unused cells or wires in module \alu..
Finding unused cells or wires in module \binary_calc_top..
Finding unused cells or wires in module \input_register..
Finding unused cells or wires in module \output_register..
Removed 0 unused cells and 11 unused wires.
<suppressed ~1 debug messages>

5.6.8. Executing OPT_EXPR pass (perform const folding).
Optimizing module alu.
Optimizing module binary_calc_top.
Optimizing module input_register.
Optimizing module output_register.

5.6.9. Rerunning OPT passes. (Maybe there is more to do..)

5.6.10. Executing OPT_MUXTREE pass (detect dead branches in mux trees).
Running muxtree optimizer on module \alu..
  Creating internal representation of mux trees.
  Evaluating internal representation of mux trees.
  Analyzing evaluation results.
Running muxtree optimizer on module \binary_calc_top..
  Creating internal representation of mux trees.
  No muxes found in this module.
Running muxtree optimizer on module \input_register..
  Creating internal representation of mux trees.
  Evaluating internal representation of mux trees.
  Analyzing evaluation results.
Running muxtree optimizer on module \output_register..
  Creating internal representation of mux trees.
  Evaluating internal representation of mux trees.
  Analyzing evaluation results.
Removed 0 multiplexer ports.
<suppressed ~10 debug messages>

5.6.11. Executing OPT_REDUCE pass (consolidate $*mux and $reduce_* inputs).
  Optimizing cells in module \alu.
  Optimizing cells in module \binary_calc_top.
  Optimizing cells in module \input_register.
  Optimizing cells in module \output_register.
Performed a total of 0 changes.

5.6.12. Executing OPT_MERGE pass (detect identical cells).
Finding identical cells in module `\alu'.
Finding identical cells in module `\binary_calc_top'.
Finding identical cells in module `\input_register'.
Finding identical cells in module `\output_register'.
Removed a total of 0 cells.

5.6.13. Executing OPT_DFF pass (perform DFF optimizations).

5.6.14. Executing OPT_CLEAN pass (remove unused cells and wires).
Finding unused cells or wires in module \alu..
Finding unused cells or wires in module \binary_calc_top..
Finding unused cells or wires in module \input_register..
Finding unused cells or wires in module \output_register..

5.6.15. Executing OPT_EXPR pass (perform const folding).
Optimizing module alu.
Optimizing module binary_calc_top.
Optimizing module input_register.
Optimizing module output_register.

5.6.16. Finished OPT passes. (There is nothing left to do.)

5.7. Executing FSM pass (extract and optimize FSM).

5.7.1. Executing FSM_DETECT pass (finding FSMs in design).

5.7.2. Executing FSM_EXTRACT pass (extracting FSM from design).

5.7.3. Executing FSM_OPT pass (simple optimizations of FSMs).

5.7.4. Executing OPT_CLEAN pass (remove unused cells and wires).
Finding unused cells or wires in module \alu..
Finding unused cells or wires in module \binary_calc_top..
Finding unused cells or wires in module \input_register..
Finding unused cells or wires in module \output_register..

5.7.5. Executing FSM_OPT pass (simple optimizations of FSMs).

5.7.6. Executing FSM_RECODE pass (re-assigning FSM state encoding).

5.7.7. Executing FSM_INFO pass (dumping all available information on FSM cells).

5.7.8. Executing FSM_MAP pass (mapping FSMs to basic logic).

5.8. Executing OPT pass (performing simple optimizations).

5.8.1. Executing OPT_EXPR pass (perform const folding).
Optimizing module alu.
Optimizing module binary_calc_top.
Optimizing module input_register.
Optimizing module output_register.

5.8.2. Executing OPT_MERGE pass (detect identical cells).
Finding identical cells in module `\alu'.
Finding identical cells in module `\binary_calc_top'.
Finding identical cells in module `\input_register'.
Finding identical cells in module `\output_register'.
Removed a total of 0 cells.

5.8.3. Executing OPT_MUXTREE pass (detect dead branches in mux trees).
Running muxtree optimizer on module \alu..
  Creating internal representation of mux trees.
  Evaluating internal representation of mux trees.
  Analyzing evaluation results.
Running muxtree optimizer on module \binary_calc_top..
  Creating internal representation of mux trees.
  No muxes found in this module.
Running muxtree optimizer on module \input_register..
  Creating internal representation of mux trees.
  Evaluating internal representation of mux trees.
  Analyzing evaluation results.
Running muxtree optimizer on module \output_register..
  Creating internal representation of mux trees.
  Evaluating internal representation of mux trees.
  Analyzing evaluation results.
Removed 0 multiplexer ports.
<suppressed ~10 debug messages>

5.8.4. Executing OPT_REDUCE pass (consolidate $*mux and $reduce_* inputs).
  Optimizing cells in module \alu.
  Optimizing cells in module \binary_calc_top.
  Optimizing cells in module \input_register.
  Optimizing cells in module \output_register.
Performed a total of 0 changes.

5.8.5. Executing OPT_MERGE pass (detect identical cells).
Finding identical cells in module `\alu'.
Finding identical cells in module `\binary_calc_top'.
Finding identical cells in module `\input_register'.
Finding identical cells in module `\output_register'.
Removed a total of 0 cells.

5.8.6. Executing OPT_DFF pass (perform DFF optimizations).
Adding SRST signal on $procdff$93 ($dff) from module input_register (D = $procmux$49_Y, Q = \op_out, rval = 2'00).
Adding EN signal on $auto$ff.cc:266:slice$98 ($sdff) from module input_register (D = \op_in, Q = \op_out).
Adding SRST signal on $procdff$92 ($dff) from module input_register (D = $procmux$54_Y, Q = \b_out, rval = 4'0000).
Adding EN signal on $auto$ff.cc:266:slice$100 ($sdff) from module input_register (D = \b_in, Q = \b_out).
Adding SRST signal on $procdff$91 ($dff) from module input_register (D = $procmux$59_Y, Q = \a_out, rval = 4'0000).
Adding EN signal on $auto$ff.cc:266:slice$102 ($sdff) from module input_register (D = \a_in, Q = \a_out).
Adding SRST signal on $procdff$90 ($dff) from module output_register (D = $procmux$29_Y, Q = \overflow_out, rval = 1'0).
Adding EN signal on $auto$ff.cc:266:slice$104 ($sdff) from module output_register (D = \overflow_in, Q = \overflow_out).
Adding SRST signal on $procdff$89 ($dff) from module output_register (D = $procmux$34_Y, Q = \zero_out, rval = 1'0).
Adding EN signal on $auto$ff.cc:266:slice$106 ($sdff) from module output_register (D = \zero_in, Q = \zero_out).
Adding SRST signal on $procdff$88 ($dff) from module output_register (D = $procmux$39_Y, Q = \carry_out, rval = 1'0).
Adding EN signal on $auto$ff.cc:266:slice$108 ($sdff) from module output_register (D = \carry_in, Q = \carry_out).
Adding SRST signal on $procdff$87 ($dff) from module output_register (D = $procmux$44_Y, Q = \result_out, rval = 4'0000).
Adding EN signal on $auto$ff.cc:266:slice$110 ($sdff) from module output_register (D = \result_in, Q = \result_out).

5.8.7. Executing OPT_CLEAN pass (remove unused cells and wires).
Finding unused cells or wires in module \alu..
Finding unused cells or wires in module \binary_calc_top..
Finding unused cells or wires in module \input_register..
Finding unused cells or wires in module \output_register..
Removed 14 unused cells and 14 unused wires.
<suppressed ~16 debug messages>

5.8.8. Executing OPT_EXPR pass (perform const folding).
Optimizing module alu.
Optimizing module binary_calc_top.
Optimizing module input_register.
Optimizing module output_register.

5.8.9. Rerunning OPT passes. (Maybe there is more to do..)

5.8.10. Executing OPT_MUXTREE pass (detect dead branches in mux trees).
Running muxtree optimizer on module \alu..
  Creating internal representation of mux trees.
  Evaluating internal representation of mux trees.
  Analyzing evaluation results.
Running muxtree optimizer on module \binary_calc_top..
  Creating internal representation of mux trees.
  No muxes found in this module.
Running muxtree optimizer on module \input_register..
  Creating internal representation of mux trees.
  No muxes found in this module.
Running muxtree optimizer on module \output_register..
  Creating internal representation of mux trees.
  No muxes found in this module.
Removed 0 multiplexer ports.
<suppressed ~3 debug messages>

5.8.11. Executing OPT_REDUCE pass (consolidate $*mux and $reduce_* inputs).
  Optimizing cells in module \alu.
  Optimizing cells in module \binary_calc_top.
  Optimizing cells in module \input_register.
  Optimizing cells in module \output_register.
Performed a total of 0 changes.

5.8.12. Executing OPT_MERGE pass (detect identical cells).
Finding identical cells in module `\alu'.
Finding identical cells in module `\binary_calc_top'.
Finding identical cells in module `\input_register'.
Finding identical cells in module `\output_register'.
Removed a total of 0 cells.

5.8.13. Executing OPT_DFF pass (perform DFF optimizations).

5.8.14. Executing OPT_CLEAN pass (remove unused cells and wires).
Finding unused cells or wires in module \alu..
Finding unused cells or wires in module \binary_calc_top..
Finding unused cells or wires in module \input_register..
Finding unused cells or wires in module \output_register..

5.8.15. Executing OPT_EXPR pass (perform const folding).
Optimizing module alu.
Optimizing module binary_calc_top.
Optimizing module input_register.
Optimizing module output_register.

5.8.16. Finished OPT passes. (There is nothing left to do.)

5.9. Executing WREDUCE pass (reducing word size of cells).
Removed top 1 bits (of 2) from port B of cell alu.$procmux$67_CMP0 ($eq).

5.10. Executing PEEPOPT pass (run peephole optimizers).

5.11. Executing OPT_CLEAN pass (remove unused cells and wires).
Finding unused cells or wires in module \alu..
Finding unused cells or wires in module \binary_calc_top..
Finding unused cells or wires in module \input_register..
Finding unused cells or wires in module \output_register..

5.12. Executing ALUMACC pass (create $alu and $macc cells).
Extracting $alu and $macc cells in module alu:
  creating $macc model for $add$rtl/alu.v:26$2 ($add).
  creating $macc model for $sub$rtl/alu.v:37$11 ($sub).
  creating $alu model for $macc $sub$rtl/alu.v:37$11.
  creating $alu model for $macc $add$rtl/alu.v:26$2.
  creating $alu cell for $add$rtl/alu.v:26$2: $auto$alumacc.cc:485:replace_alu$112
  creating $alu cell for $sub$rtl/alu.v:37$11: $auto$alumacc.cc:485:replace_alu$115
  created 2 $alu and 0 $macc cells.
Extracting $alu and $macc cells in module binary_calc_top:
  created 0 $alu and 0 $macc cells.
Extracting $alu and $macc cells in module input_register:
  created 0 $alu and 0 $macc cells.
Extracting $alu and $macc cells in module output_register:
  created 0 $alu and 0 $macc cells.

5.13. Executing SHARE pass (SAT-based resource sharing).

5.14. Executing OPT pass (performing simple optimizations).

5.14.1. Executing OPT_EXPR pass (perform const folding).
Optimizing module alu.
Optimizing module binary_calc_top.
Optimizing module input_register.
Optimizing module output_register.

5.14.2. Executing OPT_MERGE pass (detect identical cells).
Finding identical cells in module `\alu'.
Finding identical cells in module `\binary_calc_top'.
Finding identical cells in module `\input_register'.
Finding identical cells in module `\output_register'.
Removed a total of 0 cells.

5.14.3. Executing OPT_MUXTREE pass (detect dead branches in mux trees).
Running muxtree optimizer on module \alu..
  Creating internal representation of mux trees.
  Evaluating internal representation of mux trees.
  Analyzing evaluation results.
Running muxtree optimizer on module \binary_calc_top..
  Creating internal representation of mux trees.
  No muxes found in this module.
Running muxtree optimizer on module \input_register..
  Creating internal representation of mux trees.
  No muxes found in this module.
Running muxtree optimizer on module \output_register..
  Creating internal representation of mux trees.
  No muxes found in this module.
Removed 0 multiplexer ports.
<suppressed ~3 debug messages>

5.14.4. Executing OPT_REDUCE pass (consolidate $*mux and $reduce_* inputs).
  Optimizing cells in module \alu.
  Optimizing cells in module \binary_calc_top.
  Optimizing cells in module \input_register.
  Optimizing cells in module \output_register.
Performed a total of 0 changes.

5.14.5. Executing OPT_MERGE pass (detect identical cells).
Finding identical cells in module `\alu'.
Finding identical cells in module `\binary_calc_top'.
Finding identical cells in module `\input_register'.
Finding identical cells in module `\output_register'.
Removed a total of 0 cells.

5.14.6. Executing OPT_DFF pass (perform DFF optimizations).

5.14.7. Executing OPT_CLEAN pass (remove unused cells and wires).
Finding unused cells or wires in module \alu..
Finding unused cells or wires in module \binary_calc_top..
Finding unused cells or wires in module \input_register..
Finding unused cells or wires in module \output_register..

5.14.8. Executing OPT_EXPR pass (perform const folding).
Optimizing module alu.
Optimizing module binary_calc_top.
Optimizing module input_register.
Optimizing module output_register.

5.14.9. Finished OPT passes. (There is nothing left to do.)

5.15. Executing MEMORY pass.

5.15.1. Executing OPT_MEM pass (optimize memories).
Performed a total of 0 transformations.

5.15.2. Executing OPT_MEM_PRIORITY pass (removing unnecessary memory write priority relations).
Performed a total of 0 transformations.

5.15.3. Executing OPT_MEM_FEEDBACK pass (finding memory read-to-write feedback paths).

5.15.4. Executing MEMORY_BMUX2ROM pass (converting muxes to ROMs).

5.15.5. Executing MEMORY_DFF pass (merging $dff cells to $memrd).

5.15.6. Executing OPT_CLEAN pass (remove unused cells and wires).
Finding unused cells or wires in module \alu..
Finding unused cells or wires in module \binary_calc_top..
Finding unused cells or wires in module \input_register..
Finding unused cells or wires in module \output_register..

5.15.7. Executing MEMORY_SHARE pass (consolidating $memrd/$memwr cells).

5.15.8. Executing OPT_MEM_WIDEN pass (optimize memories where all ports are wide).
Performed a total of 0 transformations.

5.15.9. Executing OPT_CLEAN pass (remove unused cells and wires).
Finding unused cells or wires in module \alu..
Finding unused cells or wires in module \binary_calc_top..
Finding unused cells or wires in module \input_register..
Finding unused cells or wires in module \output_register..

5.15.10. Executing MEMORY_COLLECT pass (generating $mem cells).

5.16. Executing OPT_CLEAN pass (remove unused cells and wires).
Finding unused cells or wires in module \alu..
Finding unused cells or wires in module \binary_calc_top..
Finding unused cells or wires in module \input_register..
Finding unused cells or wires in module \output_register..

5.17. Executing OPT pass (performing simple optimizations).

5.17.1. Executing OPT_EXPR pass (perform const folding).
Optimizing module alu.
<suppressed ~3 debug messages>
Optimizing module binary_calc_top.
Optimizing module input_register.
Optimizing module output_register.

5.17.2. Executing OPT_MERGE pass (detect identical cells).
Finding identical cells in module `\alu'.
Finding identical cells in module `\binary_calc_top'.
Finding identical cells in module `\input_register'.
Finding identical cells in module `\output_register'.
Removed a total of 0 cells.

5.17.3. Executing OPT_DFF pass (perform DFF optimizations).

5.17.4. Executing OPT_CLEAN pass (remove unused cells and wires).
Finding unused cells or wires in module \alu..
Finding unused cells or wires in module \binary_calc_top..
Finding unused cells or wires in module \input_register..
Finding unused cells or wires in module \output_register..
Removed 1 unused cells and 1 unused wires.
<suppressed ~2 debug messages>

5.17.5. Finished fast OPT passes.

5.18. Executing MEMORY_MAP pass (converting memories to logic and flip-flops).

5.19. Executing OPT pass (performing simple optimizations).

5.19.1. Executing OPT_EXPR pass (perform const folding).
Optimizing module alu.
Optimizing module binary_calc_top.
Optimizing module input_register.
Optimizing module output_register.

5.19.2. Executing OPT_MERGE pass (detect identical cells).
Finding identical cells in module `\alu'.
Finding identical cells in module `\binary_calc_top'.
Finding identical cells in module `\input_register'.
Finding identical cells in module `\output_register'.
Removed a total of 0 cells.

5.19.3. Executing OPT_MUXTREE pass (detect dead branches in mux trees).
Running muxtree optimizer on module \alu..
  Creating internal representation of mux trees.
  Evaluating internal representation of mux trees.
  Analyzing evaluation results.
Running muxtree optimizer on module \binary_calc_top..
  Creating internal representation of mux trees.
  No muxes found in this module.
Running muxtree optimizer on module \input_register..
  Creating internal representation of mux trees.
  No muxes found in this module.
Running muxtree optimizer on module \output_register..
  Creating internal representation of mux trees.
  No muxes found in this module.
Removed 0 multiplexer ports.
<suppressed ~3 debug messages>

5.19.4. Executing OPT_REDUCE pass (consolidate $*mux and $reduce_* inputs).
  Optimizing cells in module \alu.
  Optimizing cells in module \binary_calc_top.
  Optimizing cells in module \input_register.
  Optimizing cells in module \output_register.
Performed a total of 0 changes.

5.19.5. Executing OPT_MERGE pass (detect identical cells).
Finding identical cells in module `\alu'.
Finding identical cells in module `\binary_calc_top'.
Finding identical cells in module `\input_register'.
Finding identical cells in module `\output_register'.
Removed a total of 0 cells.

5.19.6. Executing OPT_SHARE pass.

5.19.7. Executing OPT_DFF pass (perform DFF optimizations).

5.19.8. Executing OPT_CLEAN pass (remove unused cells and wires).
Finding unused cells or wires in module \alu..
Finding unused cells or wires in module \binary_calc_top..
Finding unused cells or wires in module \input_register..
Finding unused cells or wires in module \output_register..

5.19.9. Executing OPT_EXPR pass (perform const folding).
Optimizing module alu.
Optimizing module binary_calc_top.
Optimizing module input_register.
Optimizing module output_register.

5.19.10. Finished OPT passes. (There is nothing left to do.)

5.20. Executing TECHMAP pass (map to technology primitives).

5.20.1. Executing Verilog-2005 frontend: /usr/bin/../share/yosys/techmap.v
Parsing Verilog input from `/usr/bin/../share/yosys/techmap.v' to AST representation.
Generating RTLIL representation for module `\_90_simplemap_bool_ops'.
Generating RTLIL representation for module `\_90_simplemap_reduce_ops'.
Generating RTLIL representation for module `\_90_simplemap_logic_ops'.
Generating RTLIL representation for module `\_90_simplemap_compare_ops'.
Generating RTLIL representation for module `\_90_simplemap_various'.
Generating RTLIL representation for module `\_90_simplemap_registers'.
Generating RTLIL representation for module `\_90_shift_ops_shr_shl_sshl_sshr'.
Generating RTLIL representation for module `\_90_shift_shiftx'.
Generating RTLIL representation for module `\_90_fa'.
Generating RTLIL representation for module `\_90_lcu'.
Generating RTLIL representation for module `\_90_alu'.
Generating RTLIL representation for module `\_90_macc'.
Generating RTLIL representation for module `\_90_alumacc'.
Generating RTLIL representation for module `\$__div_mod_u'.
Generating RTLIL representation for module `\$__div_mod_trunc'.
Generating RTLIL representation for module `\_90_div'.
Generating RTLIL representation for module `\_90_mod'.
Generating RTLIL representation for module `\$__div_mod_floor'.
Generating RTLIL representation for module `\_90_divfloor'.
Generating RTLIL representation for module `\_90_modfloor'.
Generating RTLIL representation for module `\_90_pow'.
Generating RTLIL representation for module `\_90_pmux'.
Generating RTLIL representation for module `\_90_demux'.
Generating RTLIL representation for module `\_90_lut'.
Successfully finished Verilog frontend.

5.20.2. Continuing TECHMAP pass.
Using extmapper simplemap for cells of type $sdffe.
Using extmapper simplemap for cells of type $not.
Using extmapper simplemap for cells of type $and.
Using extmapper simplemap for cells of type $dff.
Using template $paramod$b85fbb3374a1d9ba7ee4f4d6323c30f939df3ada\_90_alu for cells of type $alu.
Using extmapper simplemap for cells of type $or.
Using extmapper simplemap for cells of type $logic_not.
Using extmapper simplemap for cells of type $eq.
Using template $paramod$c5c783b17ab1d780abfad8cfe6563a0a7b47a3b0\_90_pmux for cells of type $pmux.
Using template $paramod$c2e415ef15bc3ccd2723772353a6b450d3d76206\_90_pmux for cells of type $pmux.
Using extmapper simplemap for cells of type $reduce_or.
Using extmapper simplemap for cells of type $xor.
Using template $paramod\_90_lcu\WIDTH=32'00000000000000000000000000000101 for cells of type $lcu.
Using extmapper simplemap for cells of type $pos.
Using extmapper simplemap for cells of type $mux.
No more expansions possible.
<suppressed ~328 debug messages>

5.21. Executing OPT pass (performing simple optimizations).

5.21.1. Executing OPT_EXPR pass (perform const folding).
Optimizing module alu.
<suppressed ~39 debug messages>
Optimizing module binary_calc_top.
Optimizing module input_register.
Optimizing module output_register.

5.21.2. Executing OPT_MERGE pass (detect identical cells).
Finding identical cells in module `\alu'.
<suppressed ~39 debug messages>
Finding identical cells in module `\binary_calc_top'.
Finding identical cells in module `\input_register'.
Finding identical cells in module `\output_register'.
Removed a total of 13 cells.

5.21.3. Executing OPT_DFF pass (perform DFF optimizations).

5.21.4. Executing OPT_CLEAN pass (remove unused cells and wires).
Finding unused cells or wires in module \alu..
Finding unused cells or wires in module \binary_calc_top..
Finding unused cells or wires in module \input_register..
Finding unused cells or wires in module \output_register..
Removed 3 unused cells and 116 unused wires.
<suppressed ~4 debug messages>

5.21.5. Finished fast OPT passes.

5.22. Executing ABC pass (technology mapping using ABC).

5.22.1. Extracting gate netlist of module `\alu' to `<abc-temp-dir>/input.blif'..
Extracted 104 gates and 114 wires to a netlist network with 10 inputs and 7 outputs.

5.22.1.1. Executing ABC.
Running ABC command: "<yosys-exe-dir>/yosys-abc" -s -f <abc-temp-dir>/abc.script 2>&1
ABC: ABC command line: "source <abc-temp-dir>/abc.script".
ABC: 
ABC: + read_blif <abc-temp-dir>/input.blif 
ABC: + read_library <abc-temp-dir>/stdcells.genlib 
ABC: Entered genlib library with 13 gates from file "<abc-temp-dir>/stdcells.genlib".
ABC: + strash 
ABC: + dretime 
ABC: + map 
ABC: + write_blif <abc-temp-dir>/output.blif 

5.22.1.2. Re-integrating ABC results.
ABC RESULTS:               AND cells:        3
ABC RESULTS:              XNOR cells:        5
ABC RESULTS:              NAND cells:        3
ABC RESULTS:             ORNOT cells:        5
ABC RESULTS:               XOR cells:        5
ABC RESULTS:               NOT cells:        4
ABC RESULTS:               NOR cells:        6
ABC RESULTS:                OR cells:       13
ABC RESULTS:            ANDNOT cells:       34
ABC RESULTS:               MUX cells:        8
ABC RESULTS:        internal signals:       97
ABC RESULTS:           input signals:       10
ABC RESULTS:          output signals:        7
Removing temp directory.

5.22.2. Extracting gate netlist of module `\binary_calc_top' to `<abc-temp-dir>/input.blif'..
Extracted 3 gates and 6 wires to a netlist network with 3 inputs and 2 outputs.

5.22.2.1. Executing ABC.
Running ABC command: "<yosys-exe-dir>/yosys-abc" -s -f <abc-temp-dir>/abc.script 2>&1
ABC: ABC command line: "source <abc-temp-dir>/abc.script".
ABC: 
ABC: + read_blif <abc-temp-dir>/input.blif 
ABC: + read_library <abc-temp-dir>/stdcells.genlib 
ABC: Entered genlib library with 13 gates from file "<abc-temp-dir>/stdcells.genlib".
ABC: + strash 
ABC: + dretime 
ABC: + map 
ABC: + write_blif <abc-temp-dir>/output.blif 

5.22.2.2. Re-integrating ABC results.
ABC RESULTS:               NOT cells:        1
ABC RESULTS:            ANDNOT cells:        1
ABC RESULTS:        internal signals:        1
ABC RESULTS:           input signals:        3
ABC RESULTS:          output signals:        2
Removing temp directory.

5.22.3. Extracting gate netlist of module `\input_register' to `<abc-temp-dir>/input.blif'..
Extracted 0 gates and 0 wires to a netlist network with 0 inputs and 0 outputs.
Don't call ABC as there is nothing to map.
Removing temp directory.

5.22.4. Extracting gate netlist of module `\output_register' to `<abc-temp-dir>/input.blif'..
Extracted 0 gates and 0 wires to a netlist network with 0 inputs and 0 outputs.
Don't call ABC as there is nothing to map.
Removing temp directory.

5.23. Executing OPT pass (performing simple optimizations).

5.23.1. Executing OPT_EXPR pass (perform const folding).
Optimizing module alu.
Optimizing module binary_calc_top.
Optimizing module input_register.
Optimizing module output_register.

5.23.2. Executing OPT_MERGE pass (detect identical cells).
Finding identical cells in module `\alu'.
<suppressed ~3 debug messages>
Finding identical cells in module `\binary_calc_top'.
Finding identical cells in module `\input_register'.
Finding identical cells in module `\output_register'.
Removed a total of 1 cells.

5.23.3. Executing OPT_DFF pass (perform DFF optimizations).

5.23.4. Executing OPT_CLEAN pass (remove unused cells and wires).
Finding unused cells or wires in module \alu..
Finding unused cells or wires in module \binary_calc_top..
Finding unused cells or wires in module \input_register..
Finding unused cells or wires in module \output_register..
Removed 0 unused cells and 75 unused wires.
<suppressed ~2 debug messages>

5.23.5. Finished fast OPT passes.

5.24. Executing HIERARCHY pass (managing design hierarchy).

5.24.1. Analyzing design hierarchy..
Top module:  \binary_calc_top
Used module:     \alu
Used module:     \input_register
Used module:     \output_register

5.24.2. Analyzing design hierarchy..
Top module:  \binary_calc_top
Used module:     \alu
Used module:     \input_register
Used module:     \output_register
Removed 0 unused modules.

5.25. Printing statistics.

=== alu ===

   Number of wires:                 85
   Number of wire bits:             95
   Number of public wires:           7
   Number of public wire bits:      17
   Number of memories:               0
   Number of memory bits:            0
   Number of processes:              0
   Number of cells:                 85
     $_ANDNOT_                      34
     $_AND_                          3
     $_MUX_                          8
     $_NAND_                         3
     $_NOR_                          6
     $_NOT_                          4
     $_ORNOT_                        5
     $_OR_                          13
     $_XNOR_                         4
     $_XOR_                          5

=== binary_calc_top ===

   Number of wires:                 22
   Number of wire bits:             42
   Number of public wires:          22
   Number of public wire bits:      42
   Number of memories:               0
   Number of memory bits:            0
   Number of processes:              0
   Number of cells:                  8
     $_ANDNOT_                       1
     $_DFF_P_                        3
     $_NOT_                          1
     alu                             1
     input_register                  1
     output_register                 1

=== input_register ===

   Number of wires:                  9
   Number of wire bits:             23
   Number of public wires:           9
   Number of public wire bits:      23
   Number of memories:               0
   Number of memory bits:            0
   Number of processes:              0
   Number of cells:                 10
     $_SDFFE_PP0P_                  10

=== output_register ===

   Number of wires:                 11
   Number of wire bits:             17
   Number of public wires:          11
   Number of public wire bits:      17
   Number of memories:               0
   Number of memory bits:            0
   Number of processes:              0
   Number of cells:                  7
     $_SDFFE_PP0P_                   7

=== design hierarchy ===

   binary_calc_top                   1
     alu                             1
     input_register                  1
     output_register                 1

   Number of wires:                127
   Number of wire bits:            177
   Number of public wires:          49
   Number of public wire bits:      99
   Number of memories:               0
   Number of memory bits:            0
   Number of processes:              0
   Number of cells:                107
     $_ANDNOT_                      35
     $_AND_                          3
     $_DFF_P_                        3
     $_MUX_                          8
     $_NAND_                         3
     $_NOR_                          6
     $_NOT_                          5
     $_ORNOT_                        5
     $_OR_                          13
     $_SDFFE_PP0P_                  17
     $_XNOR_                         4
     $_XOR_                          5

5.26. Executing CHECK pass (checking for obvious problems).
Checking module alu...
Checking module binary_calc_top...
Checking module input_register...
Checking module output_register...
Found and reported 0 problems.

6. Executing FLATTEN pass (flatten design).
Deleting now unused module alu.
Deleting now unused module input_register.
Deleting now unused module output_register.
<suppressed ~3 debug messages>

7. Executing OPT pass (performing simple optimizations).

7.1. Executing OPT_EXPR pass (perform const folding).
Optimizing module binary_calc_top.
<suppressed ~17 debug messages>

7.2. Executing OPT_MERGE pass (detect identical cells).
Finding identical cells in module `\binary_calc_top'.
Removed a total of 0 cells.

7.3. Executing OPT_MUXTREE pass (detect dead branches in mux trees).
Running muxtree optimizer on module \binary_calc_top..
  Creating internal representation of mux trees.
  No muxes found in this module.
Removed 0 multiplexer ports.

7.4. Executing OPT_REDUCE pass (consolidate $*mux and $reduce_* inputs).
  Optimizing cells in module \binary_calc_top.
Performed a total of 0 changes.

7.5. Executing OPT_MERGE pass (detect identical cells).
Finding identical cells in module `\binary_calc_top'.
Removed a total of 0 cells.

7.6. Executing OPT_DFF pass (perform DFF optimizations).

7.7. Executing OPT_CLEAN pass (remove unused cells and wires).
Finding unused cells or wires in module \binary_calc_top..
Removed 1 unused cells and 3 unused wires.
<suppressed ~4 debug messages>

7.8. Executing OPT_EXPR pass (perform const folding).
Optimizing module binary_calc_top.

7.9. Rerunning OPT passes. (Maybe there is more to do..)

7.10. Executing OPT_MUXTREE pass (detect dead branches in mux trees).
Running muxtree optimizer on module \binary_calc_top..
  Creating internal representation of mux trees.
  No muxes found in this module.
Removed 0 multiplexer ports.

7.11. Executing OPT_REDUCE pass (consolidate $*mux and $reduce_* inputs).
  Optimizing cells in module \binary_calc_top.
Performed a total of 0 changes.

7.12. Executing OPT_MERGE pass (detect identical cells).
Finding identical cells in module `\binary_calc_top'.
Removed a total of 0 cells.

7.13. Executing OPT_DFF pass (perform DFF optimizations).

7.14. Executing OPT_CLEAN pass (remove unused cells and wires).
Finding unused cells or wires in module \binary_calc_top..

7.15. Executing OPT_EXPR pass (perform const folding).
Optimizing module binary_calc_top.

7.16. Finished OPT passes. (There is nothing left to do.)

8. Executing CHECK pass (checking for obvious problems).
Checking module binary_calc_top...
Found and reported 0 problems.

9. Executing Verilog backend.

9.1. Executing BMUXMAP pass.

9.2. Executing DEMUXMAP pass.
Dumping module `\binary_calc_top'.

10. Executing JSON backend.

11. Printing statistics.

=== binary_calc_top ===

   Number of wires:                124
   Number of wire bits:            174
   Number of public wires:          46
   Number of public wire bits:      96
   Number of memories:               0
   Number of memory bits:            0
   Number of processes:              0
   Number of cells:                106
     $_ANDNOT_                      35
     $_AND_                          3
     $_DFF_P_                        3
     $_MUX_                          8
     $_NAND_                         3
     $_NOR_                          6
     $_NOT_                          4
     $_ORNOT_                        5
     $_OR_                          13
     $_SDFFE_PN0P_                  17
     $_XNOR_                         4
     $_XOR_                          5

End of script. Logfile hash: ac0f6c340f, CPU: user 0.14s system 0.00s, MEM: 13.63 MB peak
Yosys 0.33 (git sha1 2584903a060)
Time spent: 36% 1x abc (0 sec), 17% 20x opt_expr (0 sec), ...
